\BOOKMARK [0][-]{chapter*.2}{Abstract}{}% 1
\BOOKMARK [0][-]{chapter*.3}{Acknowledgements}{}% 2
\BOOKMARK [0][-]{chapter*.5}{List of Tables}{}% 3
\BOOKMARK [0][-]{chapter*.6}{List of Figures}{}% 4
\BOOKMARK [0][-]{chapter*.7}{List of Abbreviations}{}% 5
\BOOKMARK [0][-]{chapter.1}{Introduction}{}% 6
\BOOKMARK [1][-]{section.1.1}{Definition}{chapter.1}% 7
\BOOKMARK [2][-]{subsection.1.1.1}{Trust and Reputation}{section.1.1}% 8
\BOOKMARK [2][-]{subsection.1.1.2}{Blockchain}{section.1.1}% 9
\BOOKMARK [1][-]{section.1.2}{Motivation}{chapter.1}% 10
\BOOKMARK [1][-]{section.1.3}{Purpose and research questions}{chapter.1}% 11
\BOOKMARK [1][-]{section.1.4}{Scope}{chapter.1}% 12
\BOOKMARK [1][-]{section.1.5}{Structure of Report}{chapter.1}% 13
\BOOKMARK [2][-]{subsection.1.5.1}{acronyms}{section.1.5}% 14
\BOOKMARK [0][-]{chapter.2}{Literature Review}{}% 15
\BOOKMARK [1][-]{section.2.1}{Existing Reputation Systems}{chapter.2}% 16
\BOOKMARK [2][-]{subsection.2.1.1}{Centralized}{section.2.1}% 17
\BOOKMARK [2][-]{subsection.2.1.2}{Decentralized}{section.2.1}% 18
\BOOKMARK [1][-]{section.2.2}{Problems \046 Limitations}{chapter.2}% 19
\BOOKMARK [2][-]{subsection.2.2.1}{Sybil Attack}{section.2.2}% 20
\BOOKMARK [0][-]{chapter.3}{Background}{}% 21
\BOOKMARK [1][-]{section.3.1}{Reputation algorithms}{chapter.3}% 22
\BOOKMARK [2][-]{subsection.3.1.1}{Graph properties}{section.3.1}% 23
\BOOKMARK [2][-]{subsection.3.1.2}{EigenTrust}{section.3.1}% 24
\BOOKMARK [2][-]{subsection.3.1.3}{Net flow Rate convergence}{section.3.1}% 25
\BOOKMARK [2][-]{subsection.3.1.4}{Binomial Random Walk}{section.3.1}% 26
\BOOKMARK [1][-]{section.3.2}{Cryptography}{chapter.3}% 27
\BOOKMARK [2][-]{subsection.3.2.1}{Basic Concepts}{section.3.2}% 28
\BOOKMARK [2][-]{subsection.3.2.2}{Hash functions}{section.3.2}% 29
\BOOKMARK [2][-]{subsection.3.2.3}{Digital Signature}{section.3.2}% 30
\BOOKMARK [1][-]{section.3.3}{Blockchain Technology}{chapter.3}% 31
\BOOKMARK [2][-]{subsection.3.3.1}{Basic Concepts}{section.3.3}% 32
\BOOKMARK [2][-]{subsection.3.3.2}{Evolution \046 Categories}{section.3.3}% 33
\BOOKMARK [2][-]{subsection.3.3.3}{Consensus algorithms}{section.3.3}% 34
\BOOKMARK [2][-]{subsection.3.3.4}{Smart contracts}{section.3.3}% 35
\BOOKMARK [2][-]{subsection.3.3.5}{Applications}{section.3.3}% 36
\BOOKMARK [0][-]{chapter.4}{Methodology and Implementation}{}% 37
\BOOKMARK [1][-]{section.4.1}{Problem Statement}{chapter.4}% 38
\BOOKMARK [1][-]{section.4.2}{User stories \046 Requirements}{chapter.4}% 39
\BOOKMARK [1][-]{section.4.3}{Component Diagram}{chapter.4}% 40
\BOOKMARK [1][-]{section.4.4}{The Model - Endorsement Network}{chapter.4}% 41
\BOOKMARK [1][-]{section.4.5}{Honest vs. Malicious Nodes}{chapter.4}% 42
\BOOKMARK [1][-]{section.4.6}{Trust Metrics}{chapter.4}% 43
\BOOKMARK [1][-]{section.4.7}{Token and Incentive}{chapter.4}% 44
\BOOKMARK [1][-]{section.4.8}{Design of PoC}{chapter.4}% 45
\BOOKMARK [1][-]{section.4.9}{Sequence Diagram}{chapter.4}% 46
\BOOKMARK [1][-]{section.4.10}{Smart contracts}{chapter.4}% 47
\BOOKMARK [1][-]{section.4.11}{Experimental Setup}{chapter.4}% 48
\BOOKMARK [1][-]{section.4.12}{second section}{chapter.4}% 49
\BOOKMARK [0][-]{chapter.5}{Results}{}% 50
\BOOKMARK [1][-]{section.5.1}{Interaction graph}{chapter.5}% 51
\BOOKMARK [1][-]{section.5.2}{Analysis}{chapter.5}% 52
\BOOKMARK [1][-]{section.5.3}{Measurement}{chapter.5}% 53
\BOOKMARK [1][-]{section.5.4}{Comparison}{chapter.5}% 54
\BOOKMARK [0][-]{chapter.6}{Discussion \046 Analysis}{}% 55
\BOOKMARK [1][-]{section.6.1}{Generalization}{chapter.6}% 56
\BOOKMARK [1][-]{section.6.2}{first section}{chapter.6}% 57
\BOOKMARK [0][-]{chapter.7}{Conclusion}{}% 58
\BOOKMARK [1][-]{section.7.1}{first section}{chapter.7}% 59
\BOOKMARK [2][-]{subsection.7.1.1}{first subsection}{section.7.1}% 60
